e:\users\administrator\documents\visual studio 2013\projects\quicksearch\quicksearch\release\quicksearch.pch
e:\users\administrator\documents\visual studio 2013\projects\quicksearch\quicksearch\release\vc120.pdb
e:\users\administrator\documents\visual studio 2013\projects\quicksearch\quicksearch\release\stdafx.obj
e:\users\administrator\documents\visual studio 2013\projects\quicksearch\quicksearch\release\traversemodule.obj
e:\users\administrator\documents\visual studio 2013\projects\quicksearch\quicksearch\release\searchmodule.obj
e:\users\administrator\documents\visual studio 2013\projects\quicksearch\quicksearch\release\quicksearchdlg.obj
e:\users\administrator\documents\visual studio 2013\projects\quicksearch\quicksearch\release\quicksearch.obj
e:\users\administrator\documents\visual studio 2013\projects\quicksearch\quicksearch\release\editex.obj
e:\users\administrator\documents\visual studio 2013\projects\quicksearch\quicksearch\release\commonmodule.obj
e:\users\administrator\documents\visual studio 2013\projects\quicksearch\release\quicksearch.exe
e:\users\administrator\documents\visual studio 2013\projects\quicksearch\release\quicksearch.pdb
e:\users\administrator\documents\visual studio 2013\projects\quicksearch\quicksearch\release\quicksearch.res
e:\users\administrator\documents\visual studio 2013\projects\quicksearch\quicksearch\release\quicksearch.tlog\cl.command.1.tlog
e:\users\administrator\documents\visual studio 2013\projects\quicksearch\quicksearch\release\quicksearch.tlog\cl.read.1.tlog
e:\users\administrator\documents\visual studio 2013\projects\quicksearch\quicksearch\release\quicksearch.tlog\cl.write.1.tlog
e:\users\administrator\documents\visual studio 2013\projects\quicksearch\quicksearch\release\quicksearch.tlog\link.command.1.tlog
e:\users\administrator\documents\visual studio 2013\projects\quicksearch\quicksearch\release\quicksearch.tlog\link.read.1.tlog
e:\users\administrator\documents\visual studio 2013\projects\quicksearch\quicksearch\release\quicksearch.tlog\link.write.1.tlog
e:\users\administrator\documents\visual studio 2013\projects\quicksearch\quicksearch\release\quicksearch.tlog\rc.command.1.tlog
e:\users\administrator\documents\visual studio 2013\projects\quicksearch\quicksearch\release\quicksearch.tlog\rc.read.1.tlog
e:\users\administrator\documents\visual studio 2013\projects\quicksearch\quicksearch\release\quicksearch.tlog\rc.write.1.tlog
