e:\users\administrator\documents\visual studio 2013\projects\quicksearch\quicksearch\debug\quicksearch.pch
e:\users\administrator\documents\visual studio 2013\projects\quicksearch\quicksearch\debug\vc120.pdb
e:\users\administrator\documents\visual studio 2013\projects\quicksearch\quicksearch\debug\vc120.idb
e:\users\administrator\documents\visual studio 2013\projects\quicksearch\quicksearch\debug\stdafx.obj
e:\users\administrator\documents\visual studio 2013\projects\quicksearch\quicksearch\debug\quicksearch.obj
e:\users\administrator\documents\visual studio 2013\projects\quicksearch\quicksearch\debug\quicksearchdlg.obj
e:\users\administrator\documents\visual studio 2013\projects\quicksearch\quicksearch\debug\traversemodule.obj
e:\users\administrator\documents\visual studio 2013\projects\quicksearch\quicksearch\debug\searchmodule.obj
e:\users\administrator\documents\visual studio 2013\projects\quicksearch\quicksearch\debug\commonmodule.obj
e:\users\administrator\documents\visual studio 2013\projects\quicksearch\debug\quicksearch.ilk
e:\users\administrator\documents\visual studio 2013\projects\quicksearch\debug\quicksearch.exe
e:\users\administrator\documents\visual studio 2013\projects\quicksearch\debug\quicksearch.pdb
e:\users\administrator\documents\visual studio 2013\projects\quicksearch\quicksearch\debug\quicksearch.res
e:\users\administrator\documents\visual studio 2013\projects\quicksearch\quicksearch\debug\quicksearch.tlog\cl.command.1.tlog
e:\users\administrator\documents\visual studio 2013\projects\quicksearch\quicksearch\debug\quicksearch.tlog\cl.read.1.tlog
e:\users\administrator\documents\visual studio 2013\projects\quicksearch\quicksearch\debug\quicksearch.tlog\cl.write.1.tlog
e:\users\administrator\documents\visual studio 2013\projects\quicksearch\quicksearch\debug\quicksearch.tlog\link.command.1.tlog
e:\users\administrator\documents\visual studio 2013\projects\quicksearch\quicksearch\debug\quicksearch.tlog\link.read.1.tlog
e:\users\administrator\documents\visual studio 2013\projects\quicksearch\quicksearch\debug\quicksearch.tlog\link.write.1.tlog
e:\users\administrator\documents\visual studio 2013\projects\quicksearch\quicksearch\debug\quicksearch.tlog\rc.command.1.tlog
e:\users\administrator\documents\visual studio 2013\projects\quicksearch\quicksearch\debug\quicksearch.tlog\rc.read.1.tlog
e:\users\administrator\documents\visual studio 2013\projects\quicksearch\quicksearch\debug\quicksearch.tlog\rc.write.1.tlog
